<?xml version="1.0" encoding="UTF-8"?>
<testsuite name="masterwork.myStore.TC04_LoginIsFailTest" tests="6" skipped="0" failures="0" errors="0" timestamp="2021-08-06T16:34:56" hostname="DESKTOP-3C7LH7J" time="10.164">
  <properties/>
  <testcase name="[1] teszt@example.com, failTry23" classname="masterwork.myStore.TC04_LoginIsFailTest" time="1.555"/>
  <testcase name="[2] tezt@example.com, successTry23" classname="masterwork.myStore.TC04_LoginIsFailTest" time="1.825"/>
  <testcase name="[3] tezt@example, failTry23" classname="masterwork.myStore.TC04_LoginIsFailTest" time="1.737"/>
  <testcase name="[4] , failTry23&quot;" classname="masterwork.myStore.TC04_LoginIsFailTest" time="1.677"/>
  <testcase name="[5] teszt@example.com, " classname="masterwork.myStore.TC04_LoginIsFailTest" time="1.747"/>
  <testcase name="[6] , " classname="masterwork.myStore.TC04_LoginIsFailTest" time="1.6"/>
  <system-out><![CDATA[]]></system-out>
  <system-err><![CDATA[Starting ChromeDriver 92.0.4515.107 (87a818b10553a07434ea9e2b6dccf3cbe7895134-refs/branch-heads/4515@{#1634}) on port 10542
Only local connections are allowed.
Please see https://chromedriver.chromium.org/security-considerations for suggestions on keeping ChromeDriver safe.
ChromeDriver was started successfully.
aug. 06, 2021 6:34:54 DU org.openqa.selenium.remote.ProtocolHandshake createSession
INFO: Detected dialect: W3C
]]></system-err>
</testsuite>
