<?xml version="1.0" encoding="UTF-8"?>
<testsuite name="masterwork.myStore.TC03_LoginIsSuccessTest" tests="1" skipped="0" failures="0" errors="0" timestamp="2021-08-06T16:34:47" hostname="DESKTOP-3C7LH7J" time="2.796">
  <properties/>
  <testcase name="Login success" classname="masterwork.myStore.TC03_LoginIsSuccessTest" time="2.796"/>
  <system-out><![CDATA[]]></system-out>
  <system-err><![CDATA[Starting ChromeDriver 92.0.4515.107 (87a818b10553a07434ea9e2b6dccf3cbe7895134-refs/branch-heads/4515@{#1634}) on port 28476
Only local connections are allowed.
Please see https://chromedriver.chromium.org/security-considerations for suggestions on keeping ChromeDriver safe.
ChromeDriver was started successfully.
aug. 06, 2021 6:34:47 DU org.openqa.selenium.remote.ProtocolHandshake createSession
INFO: Detected dialect: W3C
]]></system-err>
</testsuite>
