<?xml version="1.0" encoding="UTF-8"?>
<testsuite name="masterwork.myStore.TC24_SaveMoreProductDataToFilesTest" tests="1" skipped="0" failures="0" errors="0" timestamp="2021-08-18T08:10:57" hostname="DESKTOP-3C7LH7J" time="6.472">
  <properties/>
  <testcase name="Product description saving success" classname="masterwork.myStore.TC24_SaveMoreProductDataToFilesTest" time="6.472"/>
  <system-out><![CDATA[]]></system-out>
  <system-err><![CDATA[Starting ChromeDriver 92.0.4515.107 (87a818b10553a07434ea9e2b6dccf3cbe7895134-refs/branch-heads/4515@{#1634}) on port 25675
Only local connections are allowed.
Please see https://chromedriver.chromium.org/security-considerations for suggestions on keeping ChromeDriver safe.
ChromeDriver was started successfully.
aug. 18, 2021 10:10:56 DE org.openqa.selenium.remote.ProtocolHandshake createSession
INFO: Detected dialect: W3C
]]></system-err>
</testsuite>
