<?xml version="1.0" encoding="UTF-8"?>
<testsuite name="masterwork.myStore.TC23_DeleteAddressSuccessfulTest" tests="1" skipped="0" failures="0" errors="0" timestamp="2021-08-21T11:46:30" hostname="DESKTOP-3C7LH7J" time="3.701">
  <properties/>
  <testcase name="Data deleting success" classname="masterwork.myStore.TC23_DeleteAddressSuccessfulTest" time="3.701"/>
  <system-out><![CDATA[]]></system-out>
  <system-err><![CDATA[Starting ChromeDriver 92.0.4515.107 (87a818b10553a07434ea9e2b6dccf3cbe7895134-refs/branch-heads/4515@{#1634}) on port 14999
Only local connections are allowed.
Please see https://chromedriver.chromium.org/security-considerations for suggestions on keeping ChromeDriver safe.
ChromeDriver was started successfully.
aug. 21, 2021 1:46:30 DU org.openqa.selenium.remote.ProtocolHandshake createSession
INFO: Detected dialect: W3C
]]></system-err>
</testsuite>
